17:35:47.648 INFO [GridLauncherV3.parse] - Selenium server version: 3.141.59, revision: e82be7d358
17:35:47.700 INFO [GridLauncherV3.lambda$buildLaunchers$3] - Launching a standalone Selenium Server on port 4444
2020-04-06 17:35:47.736:INFO::main: Logging initialized @232ms to org.seleniumhq.jetty9.util.log.StdErrLog
17:35:47.926 INFO [WebDriverServlet.<init>] - Initialising WebDriverServlet
17:35:47.995 INFO [SeleniumServer.boot] - Selenium Server is up and running on port 4444
17:35:48.216 INFO [ActiveSessionFactory.apply] - Capabilities are: {
  "browserName": "chrome",
  "chromeOptions": {
    "w3c": false
  },
  "name": "First Test Suite"
}
17:35:48.218 INFO [ActiveSessionFactory.lambda$apply$11] - Matched factory org.openqa.selenium.grid.session.remote.ServicedSession$Factory (provider: org.openqa.selenium.chrome.ChromeDriverService)
Starting ChromeDriver 80.0.3987.16 (320f6526c1632ad4f205ebce69b99a062ed78647-refs/branch-heads/3987@{#185}) on port 19654
Only local connections are allowed.
Please protect ports used by ChromeDriver and related test frameworks to prevent access by malicious code.
17:35:48.850 INFO [ProtocolHandshake.createSession] - Detected dialect: OSS
17:35:49.124 INFO [RemoteSession$Factory.lambda$performHandshake$0] - Started new session c8715dd7aefbbb04167938964b6fbbf1 (org.openqa.selenium.chrome.ChromeDriverService)
[1586183749,715][SEVERE]: Timed out receiving message from renderer: 0,100
[1586183750,106][SEVERE]: Timed out receiving message from renderer: 0,100
[1586183750,559][SEVERE]: Timed out receiving message from renderer: 0,100
[1586183750,660][SEVERE]: Timed out receiving message from renderer: 0,100
[1586183750,762][SEVERE]: Timed out receiving message from renderer: 0,100
[1586183750,863][SEVERE]: Timed out receiving message from renderer: 0,100
[1586183751,075][SEVERE]: Timed out receiving message from renderer: 0,100
[1586183751,315][SEVERE]: Timed out receiving message from renderer: 0,100
[1586183751,418][SEVERE]: Timed out receiving message from renderer: 0,100
[1586183751,519][SEVERE]: Timed out receiving message from renderer: 0,100
[1586183751,621][SEVERE]: Timed out receiving message from renderer: 0,100
[1586183752,090][SEVERE]: Timed out receiving message from renderer: 0,100
[1586183752,691][SEVERE]: Timed out receiving message from renderer: 0,100
[1586183752,792][SEVERE]: Timed out receiving message from renderer: 0,100
[1586183752,894][SEVERE]: Timed out receiving message from renderer: 0,100
[1586183753,154][SEVERE]: Timed out receiving message from renderer: 0,100
[1586183753,255][SEVERE]: Timed out receiving message from renderer: 0,100
[1586183753,356][SEVERE]: Timed out receiving message from renderer: 0,100
[1586183753,457][SEVERE]: Timed out receiving message from renderer: 0,100
[1586183753,559][SEVERE]: Timed out receiving message from renderer: 0,100
[1586183753,660][SEVERE]: Timed out receiving message from renderer: 0,100
[1586183753,761][SEVERE]: Timed out receiving message from renderer: 0,100
[1586183754,626][SEVERE]: Timed out receiving message from renderer: 0,100
17:36:04.904 INFO [ActiveSessions$1.onStop] - Removing session c8715dd7aefbbb04167938964b6fbbf1 (org.openqa.selenium.chrome.ChromeDriverService)
